app/build/intermediates/manifest_merge_blame_file/debug/manifest-merger-blame-debug-report.txt
1<?xml version="1.0" encoding="utf-8"?>
2<manifest xmlns:android="http://schemas.android.com/apk/res/android"
3    package="ru.project.niimbot"
4    android:versionCode="1"
5    android:versionName="1.0" >
6
7    <uses-sdk
8        android:minSdkVersion="26"
9        android:targetSdkVersion="33" />
10
11    <uses-permission
11-->src/main/AndroidManifest.xml:5:5-7:38
12        android:name="android.permission.BLUETOOTH"
12-->src/main/AndroidManifest.xml:6:9-52
13        android:maxSdkVersion="30" />
13-->src/main/AndroidManifest.xml:7:9-35
14    <uses-permission
14-->src/main/AndroidManifest.xml:8:5-10:38
15        android:name="android.permission.BLUETOOTH_ADMIN"
15-->src/main/AndroidManifest.xml:9:9-58
16        android:maxSdkVersion="30" />
16-->src/main/AndroidManifest.xml:10:9-35
17    <uses-permission
17-->src/main/AndroidManifest.xml:11:5-13:38
18        android:name="android.permission.BLUETOOTH_CONNECT"
18-->src/main/AndroidManifest.xml:12:9-60
19        android:maxSdkVersion="31" />
19-->src/main/AndroidManifest.xml:13:9-35
20    <uses-permission
20-->src/main/AndroidManifest.xml:14:5-16:38
21        android:name="android.permission.BLUETOOTH_SCAN"
21-->src/main/AndroidManifest.xml:15:9-57
22        android:maxSdkVersion="31" />
22-->src/main/AndroidManifest.xml:16:9-35
23    <uses-permission android:name="android.permission.ACCESS_FINE_LOCATION" />
23-->src/main/AndroidManifest.xml:17:5-79
23-->src/main/AndroidManifest.xml:17:22-76
24    <uses-permission android:name="android.permission.ACCESS_COARSE_LOCATION" />
24-->src/main/AndroidManifest.xml:18:5-81
24-->src/main/AndroidManifest.xml:18:22-78
25    <uses-permission android:name="android.permission.READ_EXTERNAL_STORAGE" />
25-->[3.1.8-release.aar] AndroidManifest.xml:15:5-80
25-->[3.1.8-release.aar] AndroidManifest.xml:15:22-77
26    <uses-permission android:name="android.permission.ACCESS_NETWORK_STATE" />
26-->[3.1.8-release.aar] AndroidManifest.xml:16:5-79
26-->[3.1.8-release.aar] AndroidManifest.xml:16:22-76
27    <uses-permission android:name="android.permission.ACCESS_WIFI_STATE" />
27-->[3.1.8-release.aar] AndroidManifest.xml:17:5-76
27-->[3.1.8-release.aar] AndroidManifest.xml:17:22-73
28    <uses-permission android:name="android.permission.CHANGE_WIFI_STATE" />
28-->[3.1.8-release.aar] AndroidManifest.xml:18:5-76
28-->[3.1.8-release.aar] AndroidManifest.xml:18:22-73
29    <uses-permission android:name="android.permission.CHANGE_NETWORK_STATE" />
29-->[3.1.8-release.aar] AndroidManifest.xml:19:5-79
29-->[3.1.8-release.aar] AndroidManifest.xml:19:22-76
30    <uses-permission android:name="android.permission.INTERNET" />
30-->[3.1.8-release.aar] AndroidManifest.xml:20:5-67
30-->[3.1.8-release.aar] AndroidManifest.xml:20:22-64
31
32    <permission
32-->[androidx.core:core:1.12.0] AndroidManifest.xml:22:5-24:47
33        android:name="ru.project.niimbot.DYNAMIC_RECEIVER_NOT_EXPORTED_PERMISSION"
33-->[androidx.core:core:1.12.0] AndroidManifest.xml:23:9-81
34        android:protectionLevel="signature" />
34-->[androidx.core:core:1.12.0] AndroidManifest.xml:24:9-44
35
36    <uses-permission android:name="ru.project.niimbot.DYNAMIC_RECEIVER_NOT_EXPORTED_PERMISSION" />
36-->[androidx.core:core:1.12.0] AndroidManifest.xml:26:5-97
36-->[androidx.core:core:1.12.0] AndroidManifest.xml:26:22-94
37
38    <application
38-->src/main/AndroidManifest.xml:21:5-50:19
39        android:name="ru.project.niimbot.NiibotApplication"
39-->src/main/AndroidManifest.xml:22:9-42
40        android:allowBackup="true"
40-->src/main/AndroidManifest.xml:23:9-35
41        android:appComponentFactory="androidx.core.app.CoreComponentFactory"
41-->[androidx.core:core:1.12.0] AndroidManifest.xml:28:18-86
42        android:dataExtractionRules="@xml/data_extraction_rules"
42-->src/main/AndroidManifest.xml:24:9-65
43        android:debuggable="true"
44        android:extractNativeLibs="false"
45        android:fullBackupContent="@xml/backup_rules"
45-->src/main/AndroidManifest.xml:25:9-54
46        android:icon="@mipmap/ic_launcher"
46-->src/main/AndroidManifest.xml:26:9-43
47        android:label="@string/app_name"
47-->src/main/AndroidManifest.xml:27:9-41
48        android:roundIcon="@mipmap/ic_launcher_round"
48-->src/main/AndroidManifest.xml:28:9-54
49        android:supportsRtl="true"
49-->src/main/AndroidManifest.xml:29:9-35
50        android:testOnly="true"
51        android:theme="@style/Theme.Niimbot" >
51-->src/main/AndroidManifest.xml:30:9-45
52        <activity
52-->src/main/AndroidManifest.xml:32:9-49:20
53            android:name="ru.project.niimbot.ui.MainActivity"
53-->src/main/AndroidManifest.xml:33:13-44
54            android:exported="true" >
54-->src/main/AndroidManifest.xml:34:13-36
55            <intent-filter>
55-->src/main/AndroidManifest.xml:36:13-40:29
56                <action android:name="android.intent.action.MAIN" />
56-->src/main/AndroidManifest.xml:37:17-69
56-->src/main/AndroidManifest.xml:37:25-66
57
58                <category android:name="android.intent.category.LAUNCHER" />
58-->src/main/AndroidManifest.xml:39:17-77
58-->src/main/AndroidManifest.xml:39:27-74
59            </intent-filter>
60            <intent-filter>
60-->src/main/AndroidManifest.xml:42:13-48:29
61                <action android:name="android.intent.action.SEND" />
61-->src/main/AndroidManifest.xml:43:17-69
61-->src/main/AndroidManifest.xml:43:25-66
62
63                <category android:name="android.intent.category.DEFAULT" />
63-->src/main/AndroidManifest.xml:45:17-76
63-->src/main/AndroidManifest.xml:45:27-73
64
65                <data android:mimeType="text/plain" />
65-->src/main/AndroidManifest.xml:46:17-55
65-->src/main/AndroidManifest.xml:46:23-52
66            </intent-filter>
67        </activity>
68
69        <provider
69-->[androidx.emoji2:emoji2:1.2.0] AndroidManifest.xml:24:9-32:20
70            android:name="androidx.startup.InitializationProvider"
70-->[androidx.emoji2:emoji2:1.2.0] AndroidManifest.xml:25:13-67
71            android:authorities="ru.project.niimbot.androidx-startup"
71-->[androidx.emoji2:emoji2:1.2.0] AndroidManifest.xml:26:13-68
72            android:exported="false" >
72-->[androidx.emoji2:emoji2:1.2.0] AndroidManifest.xml:27:13-37
73            <meta-data
73-->[androidx.emoji2:emoji2:1.2.0] AndroidManifest.xml:29:13-31:52
74                android:name="androidx.emoji2.text.EmojiCompatInitializer"
74-->[androidx.emoji2:emoji2:1.2.0] AndroidManifest.xml:30:17-75
75                android:value="androidx.startup" />
75-->[androidx.emoji2:emoji2:1.2.0] AndroidManifest.xml:31:17-49
76            <meta-data
76-->[androidx.lifecycle:lifecycle-process:2.6.1] AndroidManifest.xml:29:13-31:52
77                android:name="androidx.lifecycle.ProcessLifecycleInitializer"
77-->[androidx.lifecycle:lifecycle-process:2.6.1] AndroidManifest.xml:30:17-78
78                android:value="androidx.startup" />
78-->[androidx.lifecycle:lifecycle-process:2.6.1] AndroidManifest.xml:31:17-49
79            <meta-data
79-->[androidx.profileinstaller:profileinstaller:1.3.0] AndroidManifest.xml:29:13-31:52
80                android:name="androidx.profileinstaller.ProfileInstallerInitializer"
80-->[androidx.profileinstaller:profileinstaller:1.3.0] AndroidManifest.xml:30:17-85
81                android:value="androidx.startup" />
81-->[androidx.profileinstaller:profileinstaller:1.3.0] AndroidManifest.xml:31:17-49
82        </provider>
83
84        <receiver
84-->[androidx.profileinstaller:profileinstaller:1.3.0] AndroidManifest.xml:34:9-52:20
85            android:name="androidx.profileinstaller.ProfileInstallReceiver"
85-->[androidx.profileinstaller:profileinstaller:1.3.0] AndroidManifest.xml:35:13-76
86            android:directBootAware="false"
86-->[androidx.profileinstaller:profileinstaller:1.3.0] AndroidManifest.xml:36:13-44
87            android:enabled="true"
87-->[androidx.profileinstaller:profileinstaller:1.3.0] AndroidManifest.xml:37:13-35
88            android:exported="true"
88-->[androidx.profileinstaller:profileinstaller:1.3.0] AndroidManifest.xml:38:13-36
89            android:permission="android.permission.DUMP" >
89-->[androidx.profileinstaller:profileinstaller:1.3.0] AndroidManifest.xml:39:13-57
90            <intent-filter>
90-->[androidx.profileinstaller:profileinstaller:1.3.0] AndroidManifest.xml:40:13-42:29
91                <action android:name="androidx.profileinstaller.action.INSTALL_PROFILE" />
91-->[androidx.profileinstaller:profileinstaller:1.3.0] AndroidManifest.xml:41:17-91
91-->[androidx.profileinstaller:profileinstaller:1.3.0] AndroidManifest.xml:41:25-88
92            </intent-filter>
93            <intent-filter>
93-->[androidx.profileinstaller:profileinstaller:1.3.0] AndroidManifest.xml:43:13-45:29
94                <action android:name="androidx.profileinstaller.action.SKIP_FILE" />
94-->[androidx.profileinstaller:profileinstaller:1.3.0] AndroidManifest.xml:44:17-85
94-->[androidx.profileinstaller:profileinstaller:1.3.0] AndroidManifest.xml:44:25-82
95            </intent-filter>
96            <intent-filter>
96-->[androidx.profileinstaller:profileinstaller:1.3.0] AndroidManifest.xml:46:13-48:29
97                <action android:name="androidx.profileinstaller.action.SAVE_PROFILE" />
97-->[androidx.profileinstaller:profileinstaller:1.3.0] AndroidManifest.xml:47:17-88
97-->[androidx.profileinstaller:profileinstaller:1.3.0] AndroidManifest.xml:47:25-85
98            </intent-filter>
99            <intent-filter>
99-->[androidx.profileinstaller:profileinstaller:1.3.0] AndroidManifest.xml:49:13-51:29
100                <action android:name="androidx.profileinstaller.action.BENCHMARK_OPERATION" />
100-->[androidx.profileinstaller:profileinstaller:1.3.0] AndroidManifest.xml:50:17-95
100-->[androidx.profileinstaller:profileinstaller:1.3.0] AndroidManifest.xml:50:25-92
101            </intent-filter>
102        </receiver>
103    </application>
104
105</manifest>